This is pdfTeX, Version 3.14159265-2.6-1.40.19 (MiKTeX 2.9.6730 64-bit) (preloaded format=pdflatex 2018.7.9)  10 JUL 2018 15:00
entering extended mode
**./mmc-Rpackage.tex
(mmc-Rpackage.tex
LaTeX2e <2018-04-01> patch level 5
("C:\Program Files\MiKTeX 2.9\tex\latex\base\article.cls"
Document Class: article 2014/09/29 v1.4h Standard LaTeX document class
("C:\Program Files\MiKTeX 2.9\tex\latex\base\size10.clo"
File: size10.clo 2014/09/29 v1.4h Standard LaTeX file (size option)
)
\c@part=\count80
\c@section=\count81
\c@subsection=\count82
\c@subsubsection=\count83
\c@paragraph=\count84
\c@subparagraph=\count85
\c@figure=\count86
\c@table=\count87
\abovecaptionskip=\skip41
\belowcaptionskip=\skip42
\bibindent=\dimen102
)
("C:\Program Files\MiKTeX 2.9\tex\latex\graphics\graphicx.sty"
Package: graphicx 2017/06/01 v1.1a Enhanced LaTeX Graphics (DPC,SPQR)

("C:\Program Files\MiKTeX 2.9\tex\latex\graphics\keyval.sty"
Package: keyval 2014/10/28 v1.15 key=value parser (DPC)
\KV@toks@=\toks14
)
("C:\Program Files\MiKTeX 2.9\tex\latex\graphics\graphics.sty"
Package: graphics 2017/06/25 v1.2c Standard LaTeX Graphics (DPC,SPQR)

("C:\Program Files\MiKTeX 2.9\tex\latex\graphics\trig.sty"
Package: trig 2016/01/03 v1.10 sin cos tan (DPC)
)
("C:\Program Files\MiKTeX 2.9\tex\latex\graphics-cfg\graphics.cfg"
File: graphics.cfg 2016/06/04 v1.11 sample graphics configuration
)
Package graphics Info: Driver file: pdftex.def on input line 99.

("C:\Program Files\MiKTeX 2.9\tex\latex\graphics-def\pdftex.def"
File: pdftex.def 2018/01/08 v1.0l Graphics/color driver for pdftex
))
\Gin@req@height=\dimen103
\Gin@req@width=\dimen104
)
("C:\Program Files\MiKTeX 2.9\tex\latex\graphics\color.sty"
Package: color 2016/07/10 v1.1e Standard LaTeX Color (DPC)

("C:\Program Files\MiKTeX 2.9\tex\latex\graphics-cfg\color.cfg"
File: color.cfg 2016/01/02 v1.6 sample color configuration
)
Package color Info: Driver file: pdftex.def on input line 147.
)
(C:\Users\Julien\AppData\Roaming\MiKTeX\2.9\tex\latex\framed\framed.sty
Package: framed 2011/10/22 v 0.96: framed or shaded text with page breaks
\OuterFrameSep=\skip43
\fb@frw=\dimen105
\fb@frh=\dimen106
\FrameRule=\dimen107
\FrameSep=\dimen108
)
("C:\Program Files\MiKTeX 2.9\tex\latex\base\alltt.sty"
Package: alltt 1997/06/16 v2.0g defines alltt environment
)
("C:\Program Files\MiKTeX 2.9\tex\latex\float\float.sty"
Package: float 2001/11/08 v1.3d Float enhancements (AL)
\c@float@type=\count88
\float@exts=\toks15
\float@box=\box26
\@float@everytoks=\toks16
\@floatcapt=\box27
)
("C:\Program Files\MiKTeX 2.9\tex\latex\amsfonts\amssymb.sty"
Package: amssymb 2013/01/14 v3.01 AMS font symbols

("C:\Program Files\MiKTeX 2.9\tex\latex\amsfonts\amsfonts.sty"
Package: amsfonts 2013/01/14 v3.01 Basic AMSFonts support
\@emptytoks=\toks17
\symAMSa=\mathgroup4
\symAMSb=\mathgroup5
LaTeX Font Info:    Overwriting math alphabet `\mathfrak' in version `bold'
(Font)                  U/euf/m/n --> U/euf/b/n on input line 106.
))
("C:\Program Files\MiKTeX 2.9\tex\latex\amsmath\amsmath.sty"
Package: amsmath 2017/09/02 v2.17a AMS math features
\@mathmargin=\skip44

For additional information on amsmath, use the `?' option.
("C:\Program Files\MiKTeX 2.9\tex\latex\amsmath\amstext.sty"
Package: amstext 2000/06/29 v2.01 AMS text

("C:\Program Files\MiKTeX 2.9\tex\latex\amsmath\amsgen.sty"
File: amsgen.sty 1999/11/30 v2.0 generic functions
\@emptytoks=\toks18
\ex@=\dimen109
))
("C:\Program Files\MiKTeX 2.9\tex\latex\amsmath\amsbsy.sty"
Package: amsbsy 1999/11/29 v1.2d Bold Symbols
\pmbraise@=\dimen110
)
("C:\Program Files\MiKTeX 2.9\tex\latex\amsmath\amsopn.sty"
Package: amsopn 2016/03/08 v2.02 operator names
)
\inf@bad=\count89
LaTeX Info: Redefining \frac on input line 213.
\uproot@=\count90
\leftroot@=\count91
LaTeX Info: Redefining \overline on input line 375.
\classnum@=\count92
\DOTSCASE@=\count93
LaTeX Info: Redefining \ldots on input line 472.
LaTeX Info: Redefining \dots on input line 475.
LaTeX Info: Redefining \cdots on input line 596.
\Mathstrutbox@=\box28
\strutbox@=\box29
\big@size=\dimen111
LaTeX Font Info:    Redeclaring font encoding OML on input line 712.
LaTeX Font Info:    Redeclaring font encoding OMS on input line 713.
\macc@depth=\count94
\c@MaxMatrixCols=\count95
\dotsspace@=\muskip10
\c@parentequation=\count96
\dspbrk@lvl=\count97
\tag@help=\toks19
\row@=\count98
\column@=\count99
\maxfields@=\count100
\andhelp@=\toks20
\eqnshift@=\dimen112
\alignsep@=\dimen113
\tagshift@=\dimen114
\tagwidth@=\dimen115
\totwidth@=\dimen116
\lineht@=\dimen117
\@envbody=\toks21
\multlinegap=\skip45
\multlinetaggap=\skip46
\mathdisplay@stack=\toks22
LaTeX Info: Redefining \[ on input line 2817.
LaTeX Info: Redefining \] on input line 2818.
)
(C:\Users\Julien\AppData\Roaming\MiKTeX\2.9\tex\latex\titlesec\titlesec.sty
Package: titlesec 2016/03/21 v2.10.2 Sectioning titles
\ttl@box=\box30
\beforetitleunit=\skip47
\aftertitleunit=\skip48
\ttl@plus=\dimen118
\ttl@minus=\dimen119
\ttl@toksa=\toks23
\titlewidth=\dimen120
\titlewidthlast=\dimen121
\titlewidthfirst=\dimen122
)
(C:\Users\Julien\AppData\Roaming\MiKTeX\2.9\tex\latex\biblatex\biblatex.sty
Package: biblatex 2018/03/04 v3.11 programmable bibliographies (PK/MW)

("C:\Program Files\MiKTeX 2.9\tex\generic\oberdiek\pdftexcmds.sty"
Package: pdftexcmds 2018/01/30 v0.27 Utility functions of pdfTeX for LuaTeX (HO
)

("C:\Program Files\MiKTeX 2.9\tex\generic\oberdiek\infwarerr.sty"
Package: infwarerr 2016/05/16 v1.4 Providing info/warning/error messages (HO)
)
("C:\Program Files\MiKTeX 2.9\tex\generic\oberdiek\ifluatex.sty"
Package: ifluatex 2016/05/16 v1.4 Provides the ifluatex switch (HO)
Package ifluatex Info: LuaTeX not detected.
)
("C:\Program Files\MiKTeX 2.9\tex\generic\oberdiek\ltxcmds.sty"
Package: ltxcmds 2016/05/16 v1.23 LaTeX kernel commands for general use (HO)
)
("C:\Program Files\MiKTeX 2.9\tex\generic\oberdiek\ifpdf.sty"
Package: ifpdf 2017/03/15 v3.2 Provides the ifpdf switch
)
Package pdftexcmds Info: LuaTeX not detected.
Package pdftexcmds Info: \pdf@primitive is available.
Package pdftexcmds Info: \pdf@ifprimitive is available.
Package pdftexcmds Info: \pdfdraftmode found.
)
(C:\Users\Julien\AppData\Roaming\MiKTeX\2.9\tex\latex\etoolbox\etoolbox.sty
Package: etoolbox 2018/02/11 v2.5e e-TeX tools for LaTeX (JAW)
\etb@tempcnta=\count101
)
("C:\Program Files\MiKTeX 2.9\tex\latex\oberdiek\kvoptions.sty"
Package: kvoptions 2016/05/16 v3.12 Key value format for package options (HO)

("C:\Program Files\MiKTeX 2.9\tex\generic\oberdiek\kvsetkeys.sty"
Package: kvsetkeys 2016/05/16 v1.17 Key value parser (HO)

("C:\Program Files\MiKTeX 2.9\tex\generic\oberdiek\etexcmds.sty"
Package: etexcmds 2016/05/16 v1.6 Avoid name clashes with e-TeX commands (HO)
Package etexcmds Info: Could not find \expanded.
(etexcmds)             That can mean that you are not using pdfTeX 1.50 or
(etexcmds)             that some package has redefined \expanded.
(etexcmds)             In the latter case, load this package earlier.
)))
(C:\Users\Julien\AppData\Roaming\MiKTeX\2.9\tex\latex\logreq\logreq.sty
Package: logreq 2010/08/04 v1.0 xml request logger
\lrq@indent=\count102

(C:\Users\Julien\AppData\Roaming\MiKTeX\2.9\tex\latex\logreq\logreq.def
File: logreq.def 2010/08/04 v1.0 logreq spec v1.0
))
("C:\Program Files\MiKTeX 2.9\tex\latex\base\ifthen.sty"
Package: ifthen 2014/09/29 v1.1c Standard LaTeX ifthen package (DPC)
)
(C:\Users\Julien\AppData\Roaming\MiKTeX\2.9\tex\latex\url\url.sty
\Urlmuskip=\muskip11
Package: url 2013/09/16  ver 3.4  Verb mode for urls, etc.
)
(C:\Users\Julien\AppData\Roaming\MiKTeX\2.9\tex\latex\xstring\xstring.sty
(C:\Users\Julien\AppData\Roaming\MiKTeX\2.9\tex\generic\xstring\xstring.tex
\@xs@message=\write3
\integerpart=\count103
\decimalpart=\count104
)
Package: xstring 2013/10/13  v1.7c  String manipulations (C Tellechea)
)
\c@tabx@nest=\count105
\c@listtotal=\count106
\c@listcount=\count107
\c@liststart=\count108
\c@liststop=\count109
\c@citecount=\count110
\c@citetotal=\count111
\c@multicitecount=\count112
\c@multicitetotal=\count113
\c@instcount=\count114
\c@maxnames=\count115
\c@minnames=\count116
\c@maxitems=\count117
\c@minitems=\count118
\c@citecounter=\count119
\c@savedcitecounter=\count120
\c@uniquelist=\count121
\c@uniquename=\count122
\c@refsection=\count123
\c@refsegment=\count124
\c@maxextratitle=\count125
\c@maxextratitleyear=\count126
\c@maxextradate=\count127
\c@maxextraalpha=\count128
\c@abbrvpenalty=\count129
\c@highnamepenalty=\count130
\c@lownamepenalty=\count131
\c@maxparens=\count132
\c@parenlevel=\count133
\blx@tempcnta=\count134
\blx@tempcntb=\count135
\blx@tempcntc=\count136
\blx@maxsection=\count137
\blx@maxsegment@0=\count138
\blx@notetype=\count139
\blx@parenlevel@text=\count140
\blx@parenlevel@foot=\count141
\blx@sectionciteorder@0=\count142
\labelnumberwidth=\skip49
\labelalphawidth=\skip50
\biblabelsep=\skip51
\bibitemsep=\skip52
\bibnamesep=\skip53
\bibinitsep=\skip54
\bibparsep=\skip55
\bibhang=\skip56
\blx@bcfin=\read1
\blx@bcfout=\write4
\c@mincomprange=\count143
\c@maxcomprange=\count144
\c@mincompwidth=\count145
Package biblatex Info: Trying to load biblatex default data model...
Package biblatex Info: ... file 'blx-dm.def' found.

(C:\Users\Julien\AppData\Roaming\MiKTeX\2.9\tex\latex\biblatex\blx-dm.def
File: blx-dm.def 2018/03/04 v3.11 biblatex localization (PK/MW)
)
Package biblatex Info: Trying to load biblatex citestyle data model...
Package biblatex Info: ... file 'authoryear.dbx' not found.
Package biblatex Info: Trying to load biblatex custom data model...
Package biblatex Info: ... file 'biblatex-dm.cfg' not found.
\c@afterword=\count146
\c@savedafterword=\count147
\c@annotator=\count148
\c@savedannotator=\count149
\c@author=\count150
\c@savedauthor=\count151
\c@bookauthor=\count152
\c@savedbookauthor=\count153
\c@commentator=\count154
\c@savedcommentator=\count155
\c@editor=\count156
\c@savededitor=\count157
\c@editora=\count158
\c@savededitora=\count159
\c@editorb=\count160
\c@savededitorb=\count161
\c@editorc=\count162
\c@savededitorc=\count163
\c@foreword=\count164
\c@savedforeword=\count165
\c@holder=\count166
\c@savedholder=\count167
\c@introduction=\count168
\c@savedintroduction=\count169
\c@namea=\count170
\c@savednamea=\count171
\c@nameb=\count172
\c@savednameb=\count173
\c@namec=\count174
\c@savednamec=\count175
\c@translator=\count176
\c@savedtranslator=\count177
\c@shortauthor=\count178
\c@savedshortauthor=\count179
\c@shorteditor=\count180
\c@savedshorteditor=\count181
\c@labelname=\count182
\c@savedlabelname=\count183
\c@institution=\count184
\c@savedinstitution=\count185
\c@lista=\count186
\c@savedlista=\count187
\c@listb=\count188
\c@savedlistb=\count189
\c@listc=\count190
\c@savedlistc=\count191
\c@listd=\count192
\c@savedlistd=\count193
\c@liste=\count194
\c@savedliste=\count195
\c@listf=\count196
\c@savedlistf=\count197
\c@location=\count198
\c@savedlocation=\count199
\c@organization=\count266
\c@savedorganization=\count267
\c@origlocation=\count268
\c@savedoriglocation=\count269
\c@origpublisher=\count270
\c@savedorigpublisher=\count271
\c@publisher=\count272
\c@savedpublisher=\count273
\c@language=\count274
\c@savedlanguage=\count275
\c@origlanguage=\count276
\c@savedoriglanguage=\count277
\c@pageref=\count278
\c@savedpageref=\count279
\shorthandwidth=\skip57
\shortjournalwidth=\skip58
\shortserieswidth=\skip59
\shorttitlewidth=\skip60
\shortauthorwidth=\skip61
\shorteditorwidth=\skip62
\locallabelnumberwidth=\skip63
\locallabelalphawidth=\skip64
\localshorthandwidth=\skip65
\localshortjournalwidth=\skip66
\localshortserieswidth=\skip67
\localshorttitlewidth=\skip68
\localshortauthorwidth=\skip69
\localshorteditorwidth=\skip70
Package biblatex Info: Trying to load compatibility code...
Package biblatex Info: ... file 'blx-compat.def' found.

(C:\Users\Julien\AppData\Roaming\MiKTeX\2.9\tex\latex\biblatex\blx-compat.def
File: blx-compat.def 2018/03/04 v3.11 biblatex compatibility (PK/MW)
)
Package biblatex Info: Trying to load BibTeX backend compatibility...
Package biblatex Info: ... file 'blx-bibtex.def' found.

(C:\Users\Julien\AppData\Roaming\MiKTeX\2.9\tex\latex\biblatex\blx-bibtex.def
File: blx-bibtex.def 2018/03/04 v3.11 biblatex compatibility (PK/MW)


Package biblatex Warning: Using fall-back BibTeX(8) backend:
(biblatex)                functionality may be reduced/unavailable.

)
Package biblatex Info: Trying to load generic definitions...
Package biblatex Info: ... file 'biblatex.def' found.
 (C:\Users\Julien\AppData\Roaming\MiKTeX\2.9\tex\latex\biblatex\biblatex.def
File: biblatex.def 2018/03/04 v3.11 biblatex compatibility (PK/MW)
\c@textcitecount=\count280
\c@textcitetotal=\count281
\c@textcitemaxnames=\count282
\c@biburlnumpenalty=\count283
\c@biburlucpenalty=\count284
\c@biburllcpenalty=\count285
\c@smartand=\count286
)
Package biblatex Info: Trying to load natbib compatibility...
Package biblatex Info: ... file 'blx-natbib.def' found.

(C:\Users\Julien\AppData\Roaming\MiKTeX\2.9\tex\latex\biblatex\blx-natbib.def
File: blx-natbib.def 2018/03/04 v3.11 biblatex compatibility (PK/MW)
)
Package biblatex Info: Trying to load bibliography style 'numeric'...
Package biblatex Info: ... file 'numeric.bbx' found.

(C:\Users\Julien\AppData\Roaming\MiKTeX\2.9\tex\latex\biblatex\bbx\numeric.bbx
File: numeric.bbx 2018/03/04 v3.11 biblatex bibliography style (PK/MW)
Package biblatex Info: Trying to load bibliography style 'standard'...
Package biblatex Info: ... file 'standard.bbx' found.

(C:\Users\Julien\AppData\Roaming\MiKTeX\2.9\tex\latex\biblatex\bbx\standard.bbx
File: standard.bbx 2018/03/04 v3.11 biblatex bibliography style (PK/MW)
\c@bbx:relatedcount=\count287
\c@bbx:relatedtotal=\count288
))
Package biblatex Info: Trying to load citation style 'authoryear'...
Package biblatex Info: ... file 'authoryear.cbx' found.

(C:\Users\Julien\AppData\Roaming\MiKTeX\2.9\tex\latex\biblatex\cbx\authoryear.c
bx
File: authoryear.cbx 2018/03/04 v3.11 biblatex citation style (PK/MW)
Package biblatex Info: Redefining '\cite'.
Package biblatex Info: Redefining '\parencite'.
Package biblatex Info: Redefining '\footcite'.
Package biblatex Info: Redefining '\footcitetext'.
Package biblatex Info: Redefining '\smartcite'.
Package biblatex Info: Redefining '\textcite'.
Package biblatex Info: Redefining '\textcites'.
)
Package biblatex Info: Trying to load configuration file...
Package biblatex Info: ... file 'biblatex.cfg' found.
 (C:\Users\Julien\AppData\Roaming\MiKTeX\2.9\tex\latex\biblatex\biblatex.cfg
File: biblatex.cfg 
)) (C:\Users\Julien\AppData\Roaming\MiKTeX\2.9\tex\latex\upquote\upquote.sty
Package: upquote 2012/04/19 v1.3 upright-quote and grave-accent glyphs in verba
tim
)
Package biblatex Info: Trying to load language 'english'...
Package biblatex Info: ... file 'english.lbx' found.

(C:\Users\Julien\AppData\Roaming\MiKTeX\2.9\tex\latex\biblatex\lbx\english.lbx
File: english.lbx 2018/03/04 v3.11 biblatex localization (PK/MW)
)
\@quotelevel=\count289
\@quotereset=\count290
(mmc-Rpackage.aux)
\openout1 = `mmc-Rpackage.aux'.

LaTeX Font Info:    Checking defaults for OML/cmm/m/it on input line 85.
LaTeX Font Info:    ... okay on input line 85.
LaTeX Font Info:    Checking defaults for T1/cmr/m/n on input line 85.
LaTeX Font Info:    ... okay on input line 85.
LaTeX Font Info:    Checking defaults for OT1/cmr/m/n on input line 85.
LaTeX Font Info:    ... okay on input line 85.
LaTeX Font Info:    Checking defaults for OMS/cmsy/m/n on input line 85.
LaTeX Font Info:    ... okay on input line 85.
LaTeX Font Info:    Checking defaults for OMX/cmex/m/n on input line 85.
LaTeX Font Info:    ... okay on input line 85.
LaTeX Font Info:    Checking defaults for U/cmr/m/n on input line 85.
LaTeX Font Info:    ... okay on input line 85.

(C:\Users\Julien\AppData\Roaming\MiKTeX\2.9\tex\context\base\supp-pdf.mkii
[Loading MPS to PDF converter (version 2006.09.02).]
\scratchcounter=\count291
\scratchdimen=\dimen123
\scratchbox=\box31
\nofMPsegments=\count292
\nofMParguments=\count293
\everyMPshowfont=\toks24
\MPscratchCnt=\count294
\MPscratchDim=\dimen124
\MPnumerator=\count295
\makeMPintoPDFobject=\count296
\everyMPtoPDFconversion=\toks25
) ("C:\Program Files\MiKTeX 2.9\tex\latex\oberdiek\epstopdf-base.sty"
Package: epstopdf-base 2016/05/15 v2.6 Base part for package epstopdf

("C:\Program Files\MiKTeX 2.9\tex\latex\oberdiek\grfext.sty"
Package: grfext 2016/05/16 v1.2 Manage graphics extensions (HO)

("C:\Program Files\MiKTeX 2.9\tex\generic\oberdiek\kvdefinekeys.sty"
Package: kvdefinekeys 2016/05/16 v1.4 Define keys (HO)
))
Package epstopdf-base Info: Redefining graphics rule for `.eps' on input line 4
38.
Package grfext Info: Graphics extension search list:
(grfext)             [.pdf,.png,.jpg,.mps,.jpeg,.jbig2,.jb2,.PDF,.PNG,.JPG,.JPE
G,.JBIG2,.JB2,.eps]
(grfext)             \AppendGraphicsExtensions on input line 456.
)
Package biblatex Info: Input encoding 'utf8' detected.
Package biblatex Info: Automatic encoding selection.
(biblatex)             Assuming data encoding 'utf8'.
Package biblatex Info: Input encoding 'utf8' specified.
Package biblatex Info: Data encoding 'utf8' specified.
(biblatex)             No need to reencode data.
\openout4 = `mmc-Rpackage-blx.bib'.

Package biblatex Info: Trying to load bibliographic data...
Package biblatex Info: ... file 'mmc-Rpackage.bbl' found.

(mmc-Rpackage.bbl)
Package biblatex Info: Reference section=0 on input line 85.
Package biblatex Info: Reference segment=0 on input line 85.
LaTeX Font Info:    Try loading font information for U+msa on input line 91.
 ("C:\Program Files\MiKTeX 2.9\tex\latex\amsfonts\umsa.fd"
File: umsa.fd 2013/01/14 v3.01 AMS symbols A
)
LaTeX Font Info:    Try loading font information for U+msb on input line 91.

("C:\Program Files\MiKTeX 2.9\tex\latex\amsfonts\umsb.fd"
File: umsb.fd 2013/01/14 v3.01 AMS symbols B
)
LaTeX Font Info:    Try loading font information for OMS+cmr on input line 91.

("C:\Program Files\MiKTeX 2.9\tex\latex\base\omscmr.fd"
File: omscmr.fd 2014/09/29 v2.5h Standard LaTeX font definitions
)
LaTeX Font Info:    Font shape `OMS/cmr/m/n' in size <8> not available
(Font)              Font shape `OMS/cmsy/m/n' tried instead on input line 91.
LaTeX Font Info:    Font shape `OMS/cmr/m/n' in size <6> not available
(Font)              Font shape `OMS/cmsy/m/n' tried instead on input line 91.
 [1

{C:/Users/Julien/AppData/Local/MiKTeX/2.9/pdftex/config/pdftex.map}] (mmc-Rpack
age.toc)
\tf@toc=\write5
\openout5 = `mmc-Rpackage.toc'.

 [2

]
LaTeX Font Info:    Font shape `OMS/cmr/m/n' in size <10> not available
(Font)              Font shape `OMS/cmsy/m/n' tried instead on input line 108.
LaTeX Font Info:    Font shape `OMS/cmr/m/it' in size <10> not available
(Font)              Font shape `OMS/cmsy/m/n' tried instead on input line 108.

[3

] [4] [5] [6] [7] [8] [9]
Overfull \hbox (2.61046pt too wide) in paragraph at lines 329--330
[]\OT1/cmr/m/n/10 This pro-ce-dure is re-ferred to as the con-sis-tent set es-t
i-mate MMC (CSEMMC),
 []

[10] [11]
Package color Info: Redefining color shadecolor on input line 399.
LaTeX Font Info:    Font shape `OT1/cmtt/bx/n' in size <10> not available
(Font)              Font shape `OT1/cmtt/m/n' tried instead on input line 401.
LaTeX Font Info:    Font shape `OT1/cmtt/bx/n' in size <12> not available
(Font)              Font shape `OT1/cmtt/m/n' tried instead on input line 409.
Package color Info: Redefining color shadecolor on input line 414.

Overfull \hbox (1.49698pt too wide) in paragraph at lines 416--416
[][]\OT1/cmtt/m/n/10 mc[][](y, statistic, ...,[] []dgp[] []=[] []function[][]([
][]y[][])[] []sample[][](y,[] []replace[] []=[] []TRUE[][]),[][] 
 []

[12] [13]
Package color Info: Redefining color shadecolor on input line 495.
LaTeX Font Info:    Try loading font information for OMS+cmtt on input line 505
.
LaTeX Font Info:    No file OMScmtt.fd. on input line 505.


LaTeX Font Warning: Font shape `OMS/cmtt/m/n' undefined
(Font)              using `OMS/cmsy/m/n' instead
(Font)              for symbol `textbraceleft' on input line 505.


Overfull \hbox (11.99689pt too wide) in paragraph at lines 522--522
[]\OT1/cmtt/m/n/10 ## Warning in ks.test(data$x, data$y): cannot compute exact 
p-value
 []


Overfull \hbox (32.9967pt too wide) in paragraph at lines 543--543
[]\OT1/cmtt/m/n/10 ## mc(y = data, statistic = statistic, dgp = dgp, N = 999, t
ype = "geq")[] 
 []

[14] [15]
Package color Info: Redefining color shadecolor on input line 555.
 [16] [17] [18] [19] [20]
Package color Info: Redefining color shadecolor on input line 714.

Overfull \hbox (17.24684pt too wide) in paragraph at lines 764--764
[]\OT1/cmtt/m/n/10 ## alternative hypothesis: true difference in means is not e
qual to 0[] 
 []


Overfull \hbox (53.99652pt too wide) in paragraph at lines 782--782
[]\OT1/cmtt/m/n/10 ## mmc(y = data, statistic = statistic, dgp = dgp, est = est
, lower = lower,[] 
 []

[21] [22]
<fig/BF_compare.pdf, id=98, 614.295pt x 794.97pt>
File: fig/BF_compare.pdf Graphic file (type pdf)
<use fig/BF_compare.pdf>
Package pdftex.def Info: fig/BF_compare.pdf  used on input line 796.
(pdftex.def)             Requested size: 310.4979pt x 401.82666pt.
 [23] [24 <./fig/BF_compare.pdf>] [25] [26] [27] [28] [29] [30]
[31]
Overfull \hbox (10.24031pt too wide) in paragraph at lines 1213--1214
 [][] 
 []


Overfull \hbox (12.29866pt too wide) in paragraph at lines 1242--1243
 [][] 
 []

[32]
Overfull \hbox (19.15979pt too wide) in paragraph at lines 1264--1265
 [][] 
 []


Overfull \hbox (18.56398pt too wide) in paragraph at lines 1287--1288
 [][] 
 []

[33] [34] [35]
Overfull \hbox (9.32092pt too wide) in paragraph at lines 1475--1476
 [][] 
 []

[36]
Overfull \hbox (15.57104pt too wide) in paragraph at lines 1522--1523
 [][] 
 []


Overfull \hbox (12.02101pt too wide) in paragraph at lines 1569--1570
 [][] 
 []

[37] [38] [39] [40]
Overfull \hbox (6.67793pt too wide) in paragraph at lines 1697--1698
\OT1/cmr/m/n/10 In or-der to test the aug-mented Dickey-Fuller, we use the \OT1
/cmr/b/n/10 fU-ni-t-roots \OT1/cmr/m/n/10 (\OMS/cmtt/m/n/10 f\OT1/cmr/m/it/10 f
UnitRoots\OMS/cmtt/m/n/10 g\OT1/cmr/m/it/10 :
 []

[41]
Overfull \hbox (5.7131pt too wide) in paragraph at lines 1731--1732
 [][] 
 []

<fig/c-drift.pdf, id=166, 614.295pt x 794.97pt>
File: fig/c-drift.pdf Graphic file (type pdf)
<use fig/c-drift.pdf>
Package pdftex.def Info: fig/c-drift.pdf  used on input line 1748.
(pdftex.def)             Requested size: 241.49895pt x 312.52376pt.
[42]
<fig/ct-trend.pdf, id=170, 614.295pt x 794.97pt>
File: fig/ct-trend.pdf Graphic file (type pdf)
<use fig/ct-trend.pdf>
Package pdftex.def Info: fig/ct-trend.pdf  used on input line 1765.
(pdftex.def)             Requested size: 241.49895pt x 312.52376pt.
 [43 <./fig/c-drift.pdf>]
Overfull \hbox (8.24648pt too wide) in paragraph at lines 1788--1789
 [][] 
 []


Overfull \hbox (8.24648pt too wide) in paragraph at lines 1807--1808
 [][] 
 []

[44 <./fig/ct-trend.pdf>]
Overfull \hbox (5.7131pt too wide) in paragraph at lines 1839--1840
 [][] 
 []


Overfull \hbox (7.40202pt too wide) in paragraph at lines 1861--1862
 [][] 
 []

[45]
Overfull \hbox (7.40202pt too wide) in paragraph at lines 1880--1881
 [][] 
 []


Overfull \hbox (7.40202pt too wide) in paragraph at lines 1905--1906
 [][] 
 []


Overfull \hbox (8.24648pt too wide) in paragraph at lines 1924--1925
 [][] 
 []


Overfull \hbox (8.24648pt too wide) in paragraph at lines 1943--1944
 [][] 
 []

[46]
Overfull \hbox (5.7131pt too wide) in paragraph at lines 1967--1968
 [][] 
 []


Overfull \hbox (5.7131pt too wide) in paragraph at lines 1986--1987
 [][] 
 []


Overfull \hbox (5.7131pt too wide) in paragraph at lines 2005--2006
 [][] 
 []

[47]
Overfull \hbox (28.92947pt too wide) in paragraph at lines 2040--2041
 [][] 
 []


Overfull \hbox (28.92947pt too wide) in paragraph at lines 2059--2060
 [][] 
 []


Overfull \hbox (28.92947pt too wide) in paragraph at lines 2078--2079
 [][] 
 []

[48] [49]
Overfull \hbox (16.8329pt too wide) in paragraph at lines 2096--2096
\OT1/cmr/m/it/10 Causality Be-tween Vec-tors in Mul-ti-vari-ate Arma Mod-els\OT
1/cmr/m/n/10 . Cahiers de recherche.
 []


Overfull \hbox (2.76524pt too wide) in paragraph at lines 2096--2096
\OT1/cmr/m/it/10 mod-els\OT1/cmr/m/n/10 . \OT1/cmr/m/sc/10 url\OT1/cmr/m/n/10 :
 $\OT1/cmtt/m/n/10 https : / / cran . r -[] project . org / package = exactLogl
inTest$\OT1/cmr/m/n/10 . 
 []


Overfull \hbox (1.77658pt too wide) in paragraph at lines 2096--2096
\OT1/cmr/m/it/10 the Self-Organising Mi-grat-ing Al-go-rithm\OT1/cmr/m/n/10 . \
OT1/cmr/m/sc/10 url\OT1/cmr/m/n/10 : $\OT1/cmtt/m/n/10 https : / / cran . r -[]
 project .
 []

[50

]
Overfull \hbox (0.83052pt too wide) in paragraph at lines 2096--2096
[]\OT1/cmr/m/n/10 R A Fisher. ``The fidu-cial ar-gu-ment in sta-tis-ti-cal in-f
er-ence''. In: (), pp. 391{
 []

[51]
Overfull \hbox (4.60573pt too wide) in paragraph at lines 2096--2096
[]\OT1/cmr/m/n/10 Olaf Mers-mann. \OT1/cmr/m/it/10 mi-crobench-mark: Ac-cu-rate
 Tim-ing Func-tions\OT1/cmr/m/n/10 . \OT1/cmr/m/sc/10 url\OT1/cmr/m/n/10 : $\OT
1/cmtt/m/n/10 https :
 []

[52] [53] (mmc-Rpackage.aux)

LaTeX Font Warning: Some font shapes were not available, defaults substituted.

Package logreq Info: Writing requests to 'mmc-Rpackage.run.xml'.
\openout1 = `mmc-Rpackage.run.xml'.

 ) 
Here is how much of TeX's memory you used:
 9832 strings out of 492973
 170619 string characters out of 3135930
 574872 words of memory out of 3000000
 13561 multiletter control sequences out of 15000+200000
 14799 words of font info for 57 fonts, out of 3000000 for 9000
 1141 hyphenation exceptions out of 8191
 36i,18n,45p,1834b,1466s stack positions out of 5000i,500n,10000p,200000b,50000s
<C:/Program Files/MiKTeX 2.9/fonts/type1/public/amsfonts/cm/cmb10.pfb><C:/Pro
gram Files/MiKTeX 2.9/fonts/type1/public/amsfonts/cm/cmbx10.pfb><C:/Program Fil
es/MiKTeX 2.9/fonts/type1/public/amsfonts/cm/cmbx12.pfb><C:/Program Files/MiKTe
X 2.9/fonts/type1/public/amsfonts/cm/cmbx9.pfb><C:/Program Files/MiKTeX 2.9/fon
ts/type1/public/amsfonts/cm/cmcsc10.pfb><C:/Program Files/MiKTeX 2.9/fonts/type
1/public/amsfonts/cm/cmex10.pfb><C:/Program Files/MiKTeX 2.9/fonts/type1/public
/amsfonts/cm/cmitt10.pfb><C:/Program Files/MiKTeX 2.9/fonts/type1/public/amsfon
ts/cm/cmmi10.pfb><C:/Program Files/MiKTeX 2.9/fonts/type1/public/amsfonts/cm/cm
mi5.pfb><C:/Program Files/MiKTeX 2.9/fonts/type1/public/amsfonts/cm/cmmi7.pfb><
C:/Program Files/MiKTeX 2.9/fonts/type1/public/amsfonts/cm/cmr10.pfb><C:/Progra
m Files/MiKTeX 2.9/fonts/type1/public/amsfonts/cm/cmr12.pfb><C:/Program Files/M
iKTeX 2.9/fonts/type1/public/amsfonts/cm/cmr17.pfb><C:/Program Files/MiKTeX 2.9
/fonts/type1/public/amsfonts/cm/cmr5.pfb><C:/Program Files/MiKTeX 2.9/fonts/typ
e1/public/amsfonts/cm/cmr7.pfb><C:/Program Files/MiKTeX 2.9/fonts/type1/public/
amsfonts/cm/cmr8.pfb><C:/Program Files/MiKTeX 2.9/fonts/type1/public/amsfonts/c
m/cmr9.pfb><C:/Program Files/MiKTeX 2.9/fonts/type1/public/amsfonts/cm/cmss10.p
fb><C:/Program Files/MiKTeX 2.9/fonts/type1/public/amsfonts/cm/cmss17.pfb><C:/P
rogram Files/MiKTeX 2.9/fonts/type1/public/amsfonts/cm/cmss9.pfb><C:/Program Fi
les/MiKTeX 2.9/fonts/type1/public/amsfonts/cm/cmsy10.pfb><C:/Program Files/MiKT
eX 2.9/fonts/type1/public/amsfonts/cm/cmsy5.pfb><C:/Program Files/MiKTeX 2.9/fo
nts/type1/public/amsfonts/cm/cmsy6.pfb><C:/Program Files/MiKTeX 2.9/fonts/type1
/public/amsfonts/cm/cmsy7.pfb><C:/Program Files/MiKTeX 2.9/fonts/type1/public/a
msfonts/cm/cmsy8.pfb><C:/Program Files/MiKTeX 2.9/fonts/type1/public/amsfonts/c
m/cmti10.pfb><C:/Program Files/MiKTeX 2.9/fonts/type1/public/amsfonts/cm/cmtt10
.pfb><C:/Program Files/MiKTeX 2.9/fonts/type1/public/amsfonts/cm/cmtt12.pfb><C:
/Program Files/MiKTeX 2.9/fonts/type1/public/amsfonts/symbols/msam10.pfb><C:/Pr
ogram Files/MiKTeX 2.9/fonts/type1/public/amsfonts/symbols/msbm10.pfb>
Output written on mmc-Rpackage.pdf (53 pages, 617256 bytes).
PDF statistics:
 313 PDF objects out of 1000 (max. 8388607)
 0 named destinations out of 1000 (max. 500000)
 16 words of extra memory for PDF output out of 10000 (max. 10000000)

